<?xml version="1.0" encoding="UTF-8"?>
<testng-results ignored="0" total="1" passed="1" failed="0" skipped="0">
  <reporter-output>
  </reporter-output>
  <suite started-at="2025-03-29T09:29:01 IST" name="Default suite" finished-at="2025-03-29T09:29:01 IST" duration-ms="159">
    <groups>
    </groups>
    <test started-at="2025-03-29T09:29:01 IST" name="Default test" finished-at="2025-03-29T09:29:01 IST" duration-ms="159">
      <class name="demo.ATEWorkspace">
        <test-method signature="workspace()[pri:0, instance:demo.ATEWorkspace@3b0090a4]" started-at="2025-03-29T09:29:01 IST" name="workspace" finished-at="2025-03-29T09:29:01 IST" duration-ms="37" status="PASS">
          <reporter-output>
          </reporter-output>
        </test-method> <!-- workspace -->
      </class> <!-- demo.ATEWorkspace -->
    </test> <!-- Default test -->
  </suite> <!-- Default suite -->
</testng-results>
